2018-09-28 22:36:39 INFO  ServicoLucasTV:68 - Requisição do tipo Comando de  Luz realizada com sucesso.
2018-09-28 22:36:44 INFO  ServicoLucasTV:73 - Comando não encontrado. Comando: 0
2018-09-28 22:36:45 INFO  ServicoLucasTV:73 - Comando não encontrado. Comando: 0
2018-09-28 22:36:46 INFO  ServicoLucasTV:73 - Comando não encontrado. Comando: 0
2018-09-28 22:36:49 INFO  ServicoLucasTV:73 - Comando não encontrado. Comando: 0
2018-09-28 22:36:49 INFO  ServicoLucasTV:73 - Comando não encontrado. Comando: 0
2018-09-28 22:36:55 INFO  ServicoLucasTV:73 - Comando não encontrado. Comando: 0
2018-09-28 22:36:55 INFO  ServicoLucasTV:73 - Comando não encontrado. Comando: 0
2018-09-28 22:36:57 INFO  ServicoLucasTV:73 - Comando não encontrado. Comando: 0
2018-09-28 22:36:58 INFO  ServicoLucasTV:73 - Comando não encontrado. Comando: 0
2018-09-28 22:37:01 INFO  ServicoLucasTV:73 - Comando não encontrado. Comando: 0
2018-09-28 22:37:01 INFO  ServicoLucasTV:73 - Comando não encontrado. Comando: 0
2018-09-28 22:37:02 INFO  ServicoLucasTV:73 - Comando não encontrado. Comando: 0
2018-09-28 22:37:03 INFO  ServicoLucasTV:73 - Comando não encontrado. Comando: 0
2018-09-28 22:37:04 INFO  ServicoLucasTV:73 - Comando não encontrado. Comando: 0
2018-09-28 22:37:04 INFO  ServicoLucasTV:73 - Comando não encontrado. Comando: 0
2018-09-28 22:37:05 INFO  ServicoLucasTV:73 - Comando não encontrado. Comando: 0
2018-09-28 22:37:05 INFO  ServicoLucasTV:73 - Comando não encontrado. Comando: 0
2018-09-28 22:37:05 INFO  ServicoLucasTV:73 - Comando não encontrado. Comando: 0
2018-09-28 22:37:05 INFO  ServicoLucasTV:73 - Comando não encontrado. Comando: 0
2018-09-28 22:37:05 INFO  ServicoLucasTV:73 - Comando não encontrado. Comando: 0
2018-09-28 22:37:06 INFO  ServicoLucasTV:73 - Comando não encontrado. Comando: 0
2018-09-28 22:37:06 INFO  ServicoLucasTV:73 - Comando não encontrado. Comando: 0
2018-09-28 22:37:07 INFO  ServicoLucasTV:73 - Comando não encontrado. Comando: 0
2018-09-28 22:37:07 INFO  ServicoLucasTV:73 - Comando não encontrado. Comando: 0
2018-09-28 22:37:07 INFO  ServicoLucasTV:73 - Comando não encontrado. Comando: 0
2018-09-28 22:37:07 INFO  ServicoLucasTV:73 - Comando não encontrado. Comando: 0
2018-09-28 22:37:08 INFO  ServicoLucasTV:73 - Comando não encontrado. Comando: 0
2018-09-28 22:37:08 INFO  ServicoLucasTV:73 - Comando não encontrado. Comando: 0
2018-09-28 22:37:08 INFO  ServicoLucasTV:73 - Comando não encontrado. Comando: 0
2018-09-28 22:37:08 INFO  ServicoLucasTV:73 - Comando não encontrado. Comando: 0
2018-09-28 22:37:09 INFO  ServicoLucasTV:73 - Comando não encontrado. Comando: 0
2018-09-28 22:37:09 INFO  ServicoLucasTV:73 - Comando não encontrado. Comando: 0
2018-09-28 22:37:09 INFO  ServicoLucasTV:73 - Comando não encontrado. Comando: 0
2018-09-28 22:37:10 INFO  ServicoLucasTV:73 - Comando não encontrado. Comando: 0
2018-09-28 22:37:10 INFO  ServicoLucasTV:73 - Comando não encontrado. Comando: 0
2018-09-28 22:37:11 INFO  ServicoLucasTV:73 - Comando não encontrado. Comando: 0
2018-09-28 22:37:11 INFO  ServicoLucasTV:73 - Comando não encontrado. Comando: 0
2018-09-28 22:37:11 INFO  ServicoLucasTV:73 - Comando não encontrado. Comando: 0
2018-09-28 22:37:12 INFO  ServicoLucasTV:73 - Comando não encontrado. Comando: 0
2018-09-28 22:37:12 INFO  ServicoLucasTV:73 - Comando não encontrado. Comando: 0
2018-09-28 22:37:12 INFO  ServicoLucasTV:73 - Comando não encontrado. Comando: 0
2018-09-28 22:37:12 INFO  ServicoLucasTV:73 - Comando não encontrado. Comando: 0
2018-09-28 22:37:13 INFO  ServicoLucasTV:73 - Comando não encontrado. Comando: 0
2018-09-28 22:37:13 INFO  ServicoLucasTV:73 - Comando não encontrado. Comando: 0
2018-09-28 22:37:13 INFO  ServicoLucasTV:73 - Comando não encontrado. Comando: 0
2018-09-28 22:37:14 INFO  ServicoLucasTV:73 - Comando não encontrado. Comando: 0
2018-09-28 22:37:17 INFO  ServicoLucasTV:73 - Comando não encontrado. Comando: 0
2018-09-28 22:37:17 INFO  ServicoLucasTV:73 - Comando não encontrado. Comando: 0
2018-09-28 22:37:18 INFO  ServicoLucasTV:73 - Comando não encontrado. Comando: 0
2018-09-28 22:37:25 INFO  ServicoLucasTV:73 - Comando não encontrado. Comando: 0
2018-09-28 22:37:25 INFO  ServicoLucasTV:73 - Comando não encontrado. Comando: 0
2018-09-28 22:37:26 INFO  ServicoLucasTV:73 - Comando não encontrado. Comando: 0
2018-09-28 22:37:26 INFO  ServicoLucasTV:73 - Comando não encontrado. Comando: 0
2018-09-28 22:37:34 INFO  ServicoLucasTV:68 - Sistema Fechado.
2018-09-28 22:37:43 INFO  ServicoLucasTV:24 - Sistema operacional: Windows 10
2018-09-28 22:37:43 INFO  ServicoLucasTV:68 - Iniciando Sistema
2018-09-28 22:37:44 INFO  ServicoLucasTV:68 - Carregando Configurações.
2018-09-28 22:37:44 INFO  ServicoLucasTV:68 - Inicializando serial.
2018-09-28 22:37:49 INFO  ServicoLucasTV:73 - Comando não encontrado. Comando: 0
2018-09-28 22:37:57 INFO  ServicoLucasTV:68 - Sistema Fechado.
2018-09-28 22:59:40 INFO  ServicoLucasTV:24 - Sistema operacional: Windows 10
2018-09-28 22:59:41 INFO  ServicoLucasTV:68 - Iniciando Sistema
2018-09-28 22:59:41 INFO  ServicoLucasTV:68 - Carregando Configurações.
2018-09-28 22:59:41 INFO  ServicoLucasTV:68 - Inicializando serial.
2018-09-28 22:59:48 INFO  ServicoLucasTV:73 - Comando não encontrado. Comando: 0
2018-09-28 22:59:49 INFO  ServicoLucasTV:73 - Comando não encontrado. Comando: 0
2018-09-28 22:59:49 INFO  ServicoLucasTV:73 - Comando não encontrado. Comando: 0
2018-09-28 22:59:50 INFO  ServicoLucasTV:73 - Comando não encontrado. Comando: 0
2018-09-28 22:59:50 INFO  ServicoLucasTV:68 - Requisição do tipo Direita realizada com sucesso.
2018-09-28 22:59:50 INFO  ServicoLucasTV:73 - Comando não encontrado. Comando: 0
2018-09-28 22:59:51 INFO  ServicoLucasTV:68 - Requisição do tipo Direita realizada com sucesso.
2018-09-28 22:59:51 INFO  ServicoLucasTV:73 - Comando não encontrado. Comando: 0
2018-09-28 22:59:52 INFO  ServicoLucasTV:73 - Comando não encontrado. Comando: 0
2018-09-28 22:59:53 INFO  ServicoLucasTV:68 - Requisição do tipo Esquerda realizada com sucesso.
2018-09-28 22:59:53 INFO  ServicoLucasTV:68 - Requisição do tipo Esquerda realizada com sucesso.
2018-09-28 22:59:58 INFO  ServicoLucasTV:73 - Parece que o KODI está ou foi fechado :/
2018-09-28 23:00:18 INFO  ServicoLucasTV:68 - Configurações de botões salvas.
2018-09-28 23:00:30 INFO  ServicoLucasTV:73 - Comando não encontrado. Comando: 0
2018-09-28 23:00:31 INFO  ServicoLucasTV:73 - Comando não encontrado. Comando: 0
2018-09-28 23:00:34 INFO  ServicoLucasTV:73 - Comando não encontrado. Comando: 0
2018-09-28 23:00:35 INFO  ServicoLucasTV:73 - Comando não encontrado. Comando: 0
2018-09-28 23:00:35 INFO  ServicoLucasTV:73 - Comando não encontrado. Comando: 0
2018-09-28 23:00:36 INFO  ServicoLucasTV:73 - Comando não encontrado. Comando: 0
2018-09-28 23:00:37 INFO  ServicoLucasTV:73 - Comando não encontrado. Comando: 0
2018-09-28 23:01:01 INFO  ServicoLucasTV:73 - Comando não encontrado. Comando: 0
2018-09-28 23:01:02 INFO  ServicoLucasTV:73 - Comando não encontrado. Comando: 65585
2018-09-28 23:01:03 INFO  ServicoLucasTV:73 - Comando não encontrado. Comando: 0
2018-09-28 23:01:04 INFO  ServicoLucasTV:73 - Comando não encontrado. Comando: 0
2018-09-28 23:01:04 INFO  ServicoLucasTV:73 - Comando não encontrado. Comando: 0
2018-09-28 23:01:05 INFO  ServicoLucasTV:73 - Comando não encontrado. Comando: 65585
2018-09-28 23:01:05 INFO  ServicoLucasTV:73 - Comando não encontrado. Comando: 65585
2018-09-28 23:01:06 INFO  ServicoLucasTV:73 - Comando não encontrado. Comando: 0
2018-09-28 23:01:07 INFO  ServicoLucasTV:73 - Comando não encontrado. Comando: 0
2018-09-28 23:01:07 INFO  ServicoLucasTV:73 - Comando não encontrado. Comando: 0
2018-09-28 23:01:08 INFO  ServicoLucasTV:73 - Comando não encontrado. Comando: 65585
2018-09-28 23:01:08 INFO  ServicoLucasTV:73 - Comando não encontrado. Comando: 0
2018-09-28 23:01:09 INFO  ServicoLucasTV:73 - Comando não encontrado. Comando: 0
2018-09-28 23:01:09 INFO  ServicoLucasTV:73 - Comando não encontrado. Comando: 0
2018-09-28 23:01:10 INFO  ServicoLucasTV:73 - Comando não encontrado. Comando: 49
2018-09-28 23:01:16 INFO  ServicoLucasTV:68 - Configurações de botões salvas.
2018-09-28 23:01:23 INFO  ServicoLucasTV:73 - Comando não encontrado. Comando: 0
2018-09-28 23:01:24 INFO  ServicoLucasTV:73 - Comando não encontrado. Comando: 0
2018-09-28 23:01:24 INFO  ServicoLucasTV:73 - Comando não encontrado. Comando: 65585
2018-09-28 23:01:28 INFO  ServicoLucasTV:68 - Configurações de botões salvas.
2018-09-28 23:01:38 INFO  ServicoLucasTV:73 - Comando não encontrado. Comando: 0
2018-09-28 23:01:39 INFO  ServicoLucasTV:73 - Comando não encontrado. Comando: 0
2018-09-28 23:01:40 INFO  ServicoLucasTV:73 - Comando não encontrado. Comando: 0
2018-09-28 23:01:40 INFO  ServicoLucasTV:73 - Comando não encontrado. Comando: 0
2018-09-28 23:01:41 INFO  ServicoLucasTV:73 - Comando não encontrado. Comando: 0
2018-09-28 23:01:41 INFO  ServicoLucasTV:68 - Requisição do tipo Comando de  Luz realizada com sucesso.
2018-09-28 23:01:43 INFO  ServicoLucasTV:73 - Comando não encontrado. Comando: 0
2018-09-28 23:01:44 INFO  ServicoLucasTV:73 - Comando não encontrado. Comando: 0
2018-09-28 23:01:45 INFO  ServicoLucasTV:73 - Comando não encontrado. Comando: 0
2018-09-28 23:01:45 INFO  ServicoLucasTV:73 - Comando não encontrado. Comando: 0
2018-09-28 23:01:46 INFO  ServicoLucasTV:68 - Requisição do tipo Comando de  Luz realizada com sucesso.
2018-09-28 23:01:47 INFO  ServicoLucasTV:73 - Comando não encontrado. Comando: 0
2018-09-28 23:01:53 INFO  ServicoLucasTV:73 - Comando não encontrado. Comando: 0
2018-09-28 23:01:54 INFO  ServicoLucasTV:73 - Comando não encontrado. Comando: 0
2018-09-28 23:01:54 INFO  ServicoLucasTV:73 - Comando não encontrado. Comando: 0
2018-09-28 23:01:55 INFO  ServicoLucasTV:68 - Requisição do tipo Comando de  Luz realizada com sucesso.
2018-09-28 23:02:01 INFO  ServicoLucasTV:73 - Comando não encontrado. Comando: 0
2018-09-28 23:02:06 INFO  ServicoLucasTV:73 - Comando não encontrado. Comando: 0
2018-09-28 23:02:07 INFO  ServicoLucasTV:73 - Comando não encontrado. Comando: 0
2018-09-28 23:02:07 INFO  ServicoLucasTV:73 - Comando não encontrado. Comando: 0
2018-09-28 23:02:08 INFO  ServicoLucasTV:73 - Comando não encontrado. Comando: 0
2018-09-28 23:02:09 INFO  ServicoLucasTV:73 - Comando não encontrado. Comando: 0
2018-09-28 23:02:10 INFO  ServicoLucasTV:73 - Comando não encontrado. Comando: 0
2018-09-28 23:02:10 INFO  ServicoLucasTV:73 - Comando não encontrado. Comando: 0
2018-09-28 23:02:11 INFO  ServicoLucasTV:68 - Requisição do tipo Comando de  Luz realizada com sucesso.
2018-09-28 23:02:12 INFO  ServicoLucasTV:73 - Comando não encontrado. Comando: 0
2018-09-28 23:02:20 INFO  ServicoLucasTV:68 - Requisição do tipo Direita realizada com sucesso.
2018-09-28 23:02:21 INFO  ServicoLucasTV:68 - Requisição do tipo Direita realizada com sucesso.
2018-09-28 23:02:21 INFO  ServicoLucasTV:73 - Comando não encontrado. Comando: 0
2018-09-28 23:02:22 INFO  ServicoLucasTV:68 - Requisição do tipo Esquerda realizada com sucesso.
2018-09-28 23:02:22 INFO  ServicoLucasTV:68 - Requisição do tipo Esquerda realizada com sucesso.
2018-09-28 23:02:23 INFO  ServicoLucasTV:68 - Requisição do tipo Esquerda realizada com sucesso.
2018-09-28 23:02:23 INFO  ServicoLucasTV:68 - Requisição do tipo Baixo realizada com sucesso.
2018-09-28 23:02:24 INFO  ServicoLucasTV:68 - Requisição do tipo Baixo realizada com sucesso.
2018-09-28 23:02:26 INFO  ServicoLucasTV:68 - Requisição do tipo Comando de  Luz realizada com sucesso.
2018-09-28 23:02:27 INFO  ServicoLucasTV:73 - Comando não encontrado. Comando: 0
2018-09-28 23:02:31 INFO  ServicoLucasTV:68 - Requisição do tipo Comando de  Luz realizada com sucesso.
2018-09-28 23:02:33 INFO  ServicoLucasTV:73 - Comando não encontrado. Comando: 0
2018-09-28 23:02:35 INFO  ServicoLucasTV:68 - Requisição do tipo Comando de  Luz realizada com sucesso.
2018-09-28 23:02:39 INFO  ServicoLucasTV:68 - Requisição do tipo Comando de  Luz realizada com sucesso.
2018-09-28 23:02:42 INFO  ServicoLucasTV:68 - Requisição do tipo Comando de  Luz realizada com sucesso.
2018-09-28 23:02:45 INFO  ServicoLucasTV:73 - Comando não encontrado. Comando: 0
2018-09-28 23:02:46 INFO  ServicoLucasTV:68 - Requisição do tipo Comando de  Luz realizada com sucesso.
2018-09-28 23:02:47 INFO  ServicoLucasTV:68 - Requisição do tipo Comando de  Luz realizada com sucesso.
2018-09-28 23:02:59 INFO  ServicoLucasTV:73 - Comando não encontrado. Comando: 0
2018-09-28 23:03:00 INFO  ServicoLucasTV:73 - Comando não encontrado. Comando: 0
2018-09-28 23:03:00 INFO  ServicoLucasTV:73 - Comando não encontrado. Comando: 0
2018-09-28 23:03:01 INFO  ServicoLucasTV:73 - Comando não encontrado. Comando: 0
2018-09-28 23:03:01 INFO  ServicoLucasTV:73 - Comando não encontrado. Comando: 0
2018-09-28 23:03:02 INFO  ServicoLucasTV:73 - Comando não encontrado. Comando: 0
2018-09-28 23:03:02 INFO  ServicoLucasTV:73 - Comando não encontrado. Comando: 0
2018-09-28 23:03:03 INFO  ServicoLucasTV:68 - Requisição do tipo Comando de  Luz realizada com sucesso.
2018-09-28 23:04:11 INFO  ServicoLucasTV:73 - Comando não encontrado. Comando: 0
2018-09-28 23:04:12 INFO  ServicoLucasTV:73 - Comando não encontrado. Comando: 0
2018-09-28 23:04:12 INFO  ServicoLucasTV:73 - Comando não encontrado. Comando: 0
2018-09-28 23:04:13 INFO  ServicoLucasTV:73 - Comando não encontrado. Comando: 0
2018-09-28 23:04:13 INFO  ServicoLucasTV:68 - Requisição do tipo Esquerda realizada com sucesso.
2018-09-28 23:04:19 INFO  ServicoLucasTV:68 - Requisição do tipo Comando de  Luz realizada com sucesso.
2018-09-28 23:04:22 INFO  ServicoLucasTV:73 - Comando não encontrado. Comando: 0
2018-09-28 23:04:24 INFO  ServicoLucasTV:73 - Comando não encontrado. Comando: 0
2018-09-28 23:04:24 INFO  ServicoLucasTV:73 - Comando não encontrado. Comando: 0
2018-09-28 23:04:25 INFO  ServicoLucasTV:68 - Requisição do tipo Comando de  Luz realizada com sucesso.
2018-09-28 23:04:27 INFO  ServicoLucasTV:68 - Requisição do tipo Comando de  Luz realizada com sucesso.
2018-09-28 23:04:28 INFO  ServicoLucasTV:73 - Comando não encontrado. Comando: 0
2018-09-28 23:04:28 INFO  ServicoLucasTV:68 - Requisição do tipo Comando de  Luz realizada com sucesso.
2018-09-28 23:04:30 INFO  ServicoLucasTV:68 - Requisição do tipo Comando de  Luz realizada com sucesso.
2018-09-28 23:04:31 INFO  ServicoLucasTV:73 - Comando não encontrado. Comando: 0
2018-09-28 23:04:32 INFO  ServicoLucasTV:73 - Comando não encontrado. Comando: 0
2018-09-28 23:04:32 INFO  ServicoLucasTV:68 - Requisição do tipo Comando de  Luz realizada com sucesso.
2018-09-28 23:04:35 INFO  ServicoLucasTV:68 - Requisição do tipo Comando de  Luz realizada com sucesso.
2018-09-28 23:04:36 INFO  ServicoLucasTV:73 - Comando não encontrado. Comando: 0
2018-09-28 23:04:39 INFO  ServicoLucasTV:68 - Requisição do tipo Comando de  Luz realizada com sucesso.
2018-09-28 23:04:42 INFO  ServicoLucasTV:68 - Requisição do tipo Comando de  Luz realizada com sucesso.
2018-09-28 23:04:48 INFO  ServicoLucasTV:73 - Comando não encontrado. Comando: 0
2018-09-28 23:04:48 INFO  ServicoLucasTV:68 - Requisição do tipo Comando de  Luz realizada com sucesso.
2018-09-28 23:04:55 INFO  ServicoLucasTV:73 - Comando não encontrado. Comando: 0
2018-09-28 23:04:57 INFO  ServicoLucasTV:68 - Requisição do tipo Comando de  Luz realizada com sucesso.
2018-09-28 23:04:58 INFO  ServicoLucasTV:73 - Comando não encontrado. Comando: 0
2018-09-28 23:04:59 INFO  ServicoLucasTV:73 - Comando não encontrado. Comando: 0
2018-09-28 23:04:59 INFO  ServicoLucasTV:68 - Requisição do tipo Comando de  Luz realizada com sucesso.
2018-09-28 23:05:06 INFO  ServicoLucasTV:73 - Comando não encontrado. Comando: 0
2018-09-28 23:05:07 INFO  ServicoLucasTV:73 - Comando não encontrado. Comando: 0
2018-09-28 23:05:07 INFO  ServicoLucasTV:68 - Requisição do tipo Comando de  Luz realizada com sucesso.
2018-09-28 23:05:12 INFO  ServicoLucasTV:73 - Comando não encontrado. Comando: 0
2018-09-28 23:05:12 INFO  ServicoLucasTV:68 - Requisição do tipo Comando de  Luz realizada com sucesso.
2018-09-28 23:05:31 INFO  ServicoLucasTV:73 - Comando não encontrado. Comando: 0
2018-09-28 23:05:31 INFO  ServicoLucasTV:73 - Comando não encontrado. Comando: 0
2018-09-28 23:05:33 INFO  ServicoLucasTV:73 - Comando não encontrado. Comando: 0
2018-09-28 23:05:33 INFO  ServicoLucasTV:68 - Requisição do tipo Comando de  Luz realizada com sucesso.
2018-09-28 23:05:37 INFO  ServicoLucasTV:68 - Requisição do tipo Comando de  Luz realizada com sucesso.
2018-09-28 23:05:38 INFO  ServicoLucasTV:68 - Requisição do tipo Comando de  Luz realizada com sucesso.
2018-09-28 23:05:41 INFO  ServicoLucasTV:68 - Requisição do tipo Comando de  Luz realizada com sucesso.
2018-09-28 23:05:42 INFO  ServicoLucasTV:73 - Comando não encontrado. Comando: 0
2018-09-28 23:05:52 INFO  ServicoLucasTV:68 - Preparando para novas tentativas de configuração da porta serial.
2018-09-28 23:05:57 INFO  ServicoLucasTV:68 - Preparando para novas tentativas de configuração da porta serial.
2018-09-28 23:06:03 INFO  ServicoLucasTV:68 - Preparando para novas tentativas de configuração da porta serial.
2018-09-28 23:06:05 INFO  ServicoLucasTV:68 - Sistema Fechado.
2018-09-28 23:15:24 INFO  ServicoLucasTV:24 - Sistema operacional: Windows 10
2018-09-28 23:15:25 INFO  ServicoLucasTV:68 - Iniciando Sistema
2018-09-28 23:15:25 INFO  ServicoLucasTV:68 - Carregando Configurações.
2018-09-28 23:15:25 INFO  ServicoLucasTV:68 - Inicializando serial.
2018-09-28 23:15:39 INFO  ServicoLucasTV:73 - Comando não encontrado. Comando: 0
2018-09-28 23:15:39 INFO  ServicoLucasTV:73 - Comando não encontrado. Comando: 0
2018-09-28 23:15:40 INFO  ServicoLucasTV:73 - Comando não encontrado. Comando: 0
2018-09-28 23:15:40 INFO  ServicoLucasTV:68 - Requisição do tipo Comando de  Luz realizada com sucesso.
2018-09-28 23:15:41 INFO  ServicoLucasTV:73 - Parece que o KODI está ou foi fechado :/
2018-09-28 23:15:42 INFO  ServicoLucasTV:73 - Comando não encontrado. Comando: 0
2018-09-28 23:15:42 INFO  ServicoLucasTV:73 - Comando não encontrado. Comando: 0
2018-09-28 23:15:43 INFO  ServicoLucasTV:73 - Comando não encontrado. Comando: 0
2018-09-28 23:15:43 INFO  ServicoLucasTV:68 - Requisição do tipo Comando de  Luz realizada com sucesso.
2018-09-28 23:15:45 INFO  ServicoLucasTV:73 - Comando não encontrado. Comando: 0
2018-09-28 23:15:46 INFO  ServicoLucasTV:68 - Requisição do tipo Comando de  Luz realizada com sucesso.
2018-09-28 23:15:47 INFO  ServicoLucasTV:73 - Comando não encontrado. Comando: 0
2018-09-28 23:15:47 INFO  ServicoLucasTV:73 - Comando não encontrado. Comando: 0
2018-09-28 23:15:48 INFO  ServicoLucasTV:73 - Comando não encontrado. Comando: 0
2018-09-28 23:15:48 INFO  ServicoLucasTV:73 - Comando não encontrado. Comando: 0
2018-09-28 23:15:49 INFO  ServicoLucasTV:73 - Comando não encontrado. Comando: 0
2018-09-28 23:15:49 INFO  ServicoLucasTV:68 - Requisição do tipo Comando de  Luz realizada com sucesso.
2018-09-28 23:15:50 INFO  ServicoLucasTV:73 - Comando não encontrado. Comando: 0
2018-09-28 23:18:50 INFO  ServicoLucasTV:68 - Sistema Fechado.
2018-09-28 23:41:53 INFO  ServicoLucasTV:24 - Sistema operacional: Windows 10
2018-09-28 23:41:53 INFO  ServicoLucasTV:68 - Iniciando Sistema
2018-09-28 23:41:54 INFO  ServicoLucasTV:68 - Carregando Configurações.
2018-09-28 23:41:54 INFO  ServicoLucasTV:68 - Inicializando serial.
2018-09-28 23:41:54 INFO  ServicoLucasTV:68 - Preparando para novas tentativas de configuração da porta serial.
2018-09-28 23:42:00 INFO  ServicoLucasTV:68 - Preparando para novas tentativas de configuração da porta serial.
2018-09-28 23:42:12 INFO  ServicoLucasTV:73 - Comando não encontrado. Comando: 0
2018-09-28 23:42:12 INFO  ServicoLucasTV:73 - Comando não encontrado. Comando: 0
2018-09-28 23:42:13 INFO  ServicoLucasTV:73 - Comando não encontrado. Comando: 0
2018-09-28 23:42:13 INFO  ServicoLucasTV:73 - Comando não encontrado. Comando: 0
2018-09-28 23:42:13 INFO  ServicoLucasTV:73 - Comando não encontrado. Comando: 0
2018-09-28 23:42:14 INFO  ServicoLucasTV:68 - Requisição do tipo Direita realizada com sucesso.
2018-09-28 23:42:15 INFO  ServicoLucasTV:73 - Comando não encontrado. Comando: 0
2018-09-28 23:42:15 INFO  ServicoLucasTV:73 - Comando não encontrado. Comando: 0
2018-09-28 23:42:16 INFO  ServicoLucasTV:73 - Comando não encontrado. Comando: 0
2018-09-28 23:42:16 INFO  ServicoLucasTV:73 - Comando não encontrado. Comando: 0
2018-09-28 23:42:17 INFO  ServicoLucasTV:73 - Comando não encontrado. Comando: 0
2018-09-28 23:42:17 INFO  ServicoLucasTV:73 - Comando não encontrado. Comando: 0
2018-09-28 23:42:17 INFO  ServicoLucasTV:73 - Comando não encontrado. Comando: 0
2018-09-28 23:42:17 INFO  ServicoLucasTV:73 - Comando não encontrado. Comando: 0
2018-09-28 23:42:18 INFO  ServicoLucasTV:73 - Comando não encontrado. Comando: 0
2018-09-28 23:42:19 INFO  ServicoLucasTV:73 - Comando não encontrado. Comando: 0
2018-09-28 23:42:19 INFO  ServicoLucasTV:73 - Comando não encontrado. Comando: 0
2018-09-28 23:42:21 INFO  ServicoLucasTV:68 - Requisição do tipo Esquerda realizada com sucesso.
2018-09-28 23:42:21 INFO  ServicoLucasTV:73 - Parece que o KODI está ou foi fechado :/
2018-09-28 23:42:22 INFO  ServicoLucasTV:68 - Requisição do tipo Esquerda realizada com sucesso.
2018-09-28 23:42:23 INFO  ServicoLucasTV:73 - Comando não encontrado. Comando: 0
2018-09-28 23:42:24 INFO  ServicoLucasTV:73 - Comando não encontrado. Comando: 0
2018-09-28 23:42:24 INFO  ServicoLucasTV:73 - Comando não encontrado. Comando: 0
2018-09-28 23:42:24 INFO  ServicoLucasTV:68 - Requisição do tipo Esquerda realizada com sucesso.
2018-09-28 23:42:25 INFO  ServicoLucasTV:73 - Comando não encontrado. Comando: 0
2018-09-28 23:42:25 INFO  ServicoLucasTV:68 - Requisição do tipo Esquerda realizada com sucesso.
2018-09-28 23:42:26 INFO  ServicoLucasTV:73 - Comando não encontrado. Comando: 0
2018-09-28 23:42:27 INFO  ServicoLucasTV:68 - Requisição do tipo Esquerda realizada com sucesso.
2018-09-28 23:42:27 INFO  ServicoLucasTV:73 - Comando não encontrado. Comando: 0
2018-09-28 23:42:28 INFO  ServicoLucasTV:73 - Comando não encontrado. Comando: 0
2018-09-28 23:42:28 INFO  ServicoLucasTV:68 - Requisição do tipo Esquerda realizada com sucesso.
2018-09-28 23:42:28 INFO  ServicoLucasTV:73 - Comando não encontrado. Comando: 0
2018-09-28 23:42:29 INFO  ServicoLucasTV:73 - Comando não encontrado. Comando: 0
2018-09-28 23:42:29 INFO  ServicoLucasTV:73 - Comando não encontrado. Comando: 0
2018-09-28 23:42:30 INFO  ServicoLucasTV:73 - Comando não encontrado. Comando: 0
2018-09-28 23:42:30 INFO  ServicoLucasTV:73 - Comando não encontrado. Comando: 0
2018-09-28 23:42:30 INFO  ServicoLucasTV:73 - Comando não encontrado. Comando: 0
2018-09-28 23:42:31 INFO  ServicoLucasTV:73 - Comando não encontrado. Comando: 0
2018-09-28 23:42:31 INFO  ServicoLucasTV:73 - Comando não encontrado. Comando: 0
2018-09-28 23:42:32 INFO  ServicoLucasTV:73 - Comando não encontrado. Comando: 0
2018-09-28 23:42:32 INFO  ServicoLucasTV:68 - Requisição do tipo Esquerda realizada com sucesso.
2018-09-28 23:42:33 INFO  ServicoLucasTV:68 - Requisição do tipo Esquerda realizada com sucesso.
2018-09-28 23:42:34 INFO  ServicoLucasTV:68 - Requisição do tipo Esquerda realizada com sucesso.
2018-09-28 23:42:34 INFO  ServicoLucasTV:68 - Requisição do tipo Esquerda realizada com sucesso.
2018-09-28 23:42:35 INFO  ServicoLucasTV:73 - Comando não encontrado. Comando: 0
2018-09-28 23:42:35 INFO  ServicoLucasTV:68 - Requisição do tipo Direita realizada com sucesso.
2018-09-28 23:42:37 INFO  ServicoLucasTV:73 - Comando não encontrado. Comando: 0
2018-09-28 23:42:37 INFO  ServicoLucasTV:73 - Comando não encontrado. Comando: 0
2018-09-28 23:42:37 INFO  ServicoLucasTV:73 - Comando não encontrado. Comando: 0
2018-09-28 23:42:38 INFO  ServicoLucasTV:73 - Comando não encontrado. Comando: 0
2018-09-28 23:42:38 INFO  ServicoLucasTV:73 - Comando não encontrado. Comando: 0
2018-09-28 23:42:39 INFO  ServicoLucasTV:68 - Requisição do tipo Esquerda realizada com sucesso.
2018-09-28 23:42:40 INFO  ServicoLucasTV:73 - Comando não encontrado. Comando: 0
2018-09-28 23:42:41 INFO  ServicoLucasTV:68 - Requisição do tipo Esquerda realizada com sucesso.
2018-09-28 23:42:41 INFO  ServicoLucasTV:73 - Comando não encontrado. Comando: 0
2018-09-28 23:42:42 INFO  ServicoLucasTV:73 - Comando não encontrado. Comando: 0
2018-09-28 23:42:42 INFO  ServicoLucasTV:73 - Comando não encontrado. Comando: 0
2018-09-28 23:42:43 INFO  ServicoLucasTV:73 - Comando não encontrado. Comando: 0
2018-09-28 23:42:43 INFO  ServicoLucasTV:73 - Comando não encontrado. Comando: 0
2018-09-28 23:42:44 INFO  ServicoLucasTV:68 - Requisição do tipo Direita realizada com sucesso.
2018-09-28 23:42:44 INFO  ServicoLucasTV:73 - Comando não encontrado. Comando: 0
2018-09-28 23:42:44 INFO  ServicoLucasTV:73 - Comando não encontrado. Comando: 0
2018-09-28 23:42:45 INFO  ServicoLucasTV:73 - Comando não encontrado. Comando: 0
2018-09-28 23:42:45 INFO  ServicoLucasTV:73 - Comando não encontrado. Comando: 0
2018-09-28 23:42:47 INFO  ServicoLucasTV:68 - Requisição do tipo Direita realizada com sucesso.
2018-09-28 23:42:48 INFO  ServicoLucasTV:73 - Comando não encontrado. Comando: 0
2018-09-28 23:42:48 INFO  ServicoLucasTV:73 - Comando não encontrado. Comando: 0
2018-09-28 23:42:48 INFO  ServicoLucasTV:73 - Comando não encontrado. Comando: 0
2018-09-28 23:42:49 INFO  ServicoLucasTV:73 - Comando não encontrado. Comando: 0
2018-09-28 23:42:49 INFO  ServicoLucasTV:68 - Requisição do tipo Esquerda realizada com sucesso.
2018-09-28 23:42:49 INFO  ServicoLucasTV:68 - Requisição do tipo Esquerda realizada com sucesso.
2018-09-28 23:42:50 INFO  ServicoLucasTV:68 - Requisição do tipo Esquerda realizada com sucesso.
2018-09-28 23:42:50 INFO  ServicoLucasTV:73 - Comando não encontrado. Comando: 0
2018-09-28 23:42:51 INFO  ServicoLucasTV:68 - Requisição do tipo Esquerda realizada com sucesso.
2018-09-28 23:42:51 INFO  ServicoLucasTV:68 - Requisição do tipo Esquerda realizada com sucesso.
2018-09-28 23:42:51 INFO  ServicoLucasTV:68 - Requisição do tipo Esquerda realizada com sucesso.
2018-09-28 23:42:55 INFO  ServicoLucasTV:73 - Comando não encontrado. Comando: 0
2018-09-28 23:42:55 INFO  ServicoLucasTV:73 - Comando não encontrado. Comando: 0
2018-09-28 23:42:56 INFO  ServicoLucasTV:73 - Comando não encontrado. Comando: 0
2018-09-28 23:42:56 INFO  ServicoLucasTV:68 - Requisição do tipo Comando de  Luz realizada com sucesso.
2018-09-28 23:43:01 INFO  ServicoLucasTV:73 - Comando não encontrado. Comando: 0
2018-09-28 23:43:02 INFO  ServicoLucasTV:68 - Requisição do tipo Comando de  Luz realizada com sucesso.
2018-09-28 23:43:05 INFO  ServicoLucasTV:68 - Requisição do tipo Comando de  Luz realizada com sucesso.
2018-09-28 23:43:08 INFO  ServicoLucasTV:73 - Comando não encontrado. Comando: 0
2018-09-28 23:43:09 INFO  ServicoLucasTV:73 - Comando não encontrado. Comando: 0
2018-09-28 23:43:10 INFO  ServicoLucasTV:68 - Requisição do tipo Comando de  Luz realizada com sucesso.
2018-09-28 23:43:13 INFO  ServicoLucasTV:73 - Comando não encontrado. Comando: 0
2018-09-28 23:43:13 INFO  ServicoLucasTV:73 - Comando não encontrado. Comando: 0
2018-09-28 23:43:16 INFO  ServicoLucasTV:68 - Requisição do tipo Comando de  Luz realizada com sucesso.
2018-09-28 23:43:22 INFO  ServicoLucasTV:73 - Comando não encontrado. Comando: 0
2018-09-28 23:43:22 INFO  ServicoLucasTV:68 - Requisição do tipo Comando de  Luz realizada com sucesso.
2018-09-28 23:43:27 INFO  ServicoLucasTV:73 - Comando não encontrado. Comando: 0
2018-09-28 23:43:27 INFO  ServicoLucasTV:73 - Comando não encontrado. Comando: 0
2018-09-28 23:43:28 INFO  ServicoLucasTV:68 - Requisição do tipo Comando de  Luz realizada com sucesso.
2018-09-28 23:43:31 INFO  ServicoLucasTV:73 - Comando não encontrado. Comando: 0
2018-09-28 23:43:31 INFO  ServicoLucasTV:68 - Requisição do tipo Comando de  Luz realizada com sucesso.
2018-09-28 23:43:35 INFO  ServicoLucasTV:73 - Comando não encontrado. Comando: 0
2018-09-28 23:43:35 INFO  ServicoLucasTV:68 - Requisição do tipo Comando de  Luz realizada com sucesso.
2018-09-28 23:43:37 INFO  ServicoLucasTV:73 - Comando não encontrado. Comando: 0
2018-09-28 23:43:37 INFO  ServicoLucasTV:73 - Comando não encontrado. Comando: 0
2018-09-28 23:43:39 INFO  ServicoLucasTV:73 - Comando não encontrado. Comando: 0
2018-09-28 23:43:41 INFO  ServicoLucasTV:68 - Requisição do tipo Comando de  Luz realizada com sucesso.
2018-09-28 23:43:49 INFO  ServicoLucasTV:73 - Comando não encontrado. Comando: 0
2018-09-28 23:43:50 INFO  ServicoLucasTV:73 - Comando não encontrado. Comando: 0
2018-09-28 23:43:51 INFO  ServicoLucasTV:73 - Comando não encontrado. Comando: 0
2018-09-28 23:43:52 INFO  ServicoLucasTV:68 - Requisição do tipo Comando de  Luz realizada com sucesso.
2018-09-28 23:43:53 INFO  ServicoLucasTV:73 - Comando não encontrado. Comando: 0
2018-09-28 23:43:53 INFO  ServicoLucasTV:73 - Comando não encontrado. Comando: 0
2018-09-28 23:43:54 INFO  ServicoLucasTV:73 - Comando não encontrado. Comando: 0
2018-09-28 23:43:54 INFO  ServicoLucasTV:68 - Requisição do tipo Comando de  Luz realizada com sucesso.
2018-09-28 23:43:56 INFO  ServicoLucasTV:73 - Comando não encontrado. Comando: 0
2018-09-28 23:43:57 INFO  ServicoLucasTV:68 - Requisição do tipo Esquerda realizada com sucesso.
2018-09-28 23:43:57 INFO  ServicoLucasTV:73 - Comando não encontrado. Comando: 0
2018-09-28 23:43:58 INFO  ServicoLucasTV:73 - Comando não encontrado. Comando: 0
2018-09-28 23:43:58 INFO  ServicoLucasTV:73 - Comando não encontrado. Comando: 0
2018-09-28 23:43:59 INFO  ServicoLucasTV:68 - Requisição do tipo Direita realizada com sucesso.
2018-09-28 23:43:59 INFO  ServicoLucasTV:73 - Comando não encontrado. Comando: 0
2018-09-28 23:44:00 INFO  ServicoLucasTV:73 - Comando não encontrado. Comando: 0
2018-09-28 23:44:00 INFO  ServicoLucasTV:73 - Comando não encontrado. Comando: 0
2018-09-28 23:44:00 INFO  ServicoLucasTV:73 - Comando não encontrado. Comando: 0
2018-09-28 23:44:01 INFO  ServicoLucasTV:73 - Comando não encontrado. Comando: 0
2018-09-28 23:44:01 INFO  ServicoLucasTV:73 - Comando não encontrado. Comando: 0
2018-09-28 23:44:03 INFO  ServicoLucasTV:73 - Comando não encontrado. Comando: 0
2018-09-28 23:44:03 INFO  ServicoLucasTV:68 - Requisição do tipo Comando de  Luz realizada com sucesso.
2018-09-28 23:44:12 INFO  ServicoLucasTV:68 - Requisição do tipo Comando de  Luz realizada com sucesso.
2018-09-28 23:44:16 INFO  ServicoLucasTV:68 - Requisição do tipo Comando de  Luz realizada com sucesso.
2018-09-28 23:44:25 INFO  ServicoLucasTV:73 - Comando não encontrado. Comando: 0
2018-09-28 23:44:27 INFO  ServicoLucasTV:73 - Comando não encontrado. Comando: 0
2018-09-28 23:44:27 INFO  ServicoLucasTV:73 - Comando não encontrado. Comando: 0
2018-09-28 23:44:28 INFO  ServicoLucasTV:68 - Requisição do tipo Comando de  Luz realizada com sucesso.
2018-09-28 23:44:39 INFO  ServicoLucasTV:68 - Sistema Fechado.
