2019-02-14 23:29:11 INFO  ServicoLucasTV:24 - Sistema operacional: Windows 10
2019-02-14 23:29:12 INFO  ServicoLucasTV:67 - Iniciando Sistema
2019-02-14 23:29:12 INFO  ServicoLucasTV:67 - Caminho Pasta de Config: D:\Material Didático\Automação Quarto\ServicoLucasTV
2019-02-14 23:29:12 ERROR ServicoLucasTV:57 - Erro ao carregar configurações.
java.lang.RuntimeException: Erro ao carregar o arquivo de configurações.
	at br.com.lucasnbertoldi.service.configuration.ConfigurationService.getConfiguration(ConfigurationService.java:123)
	at br.com.lucasnbertoldi.ServicoLucasTV.main(ServicoLucasTV.java:38)
Caused by: java.io.FileNotFoundException: D:\Material Didático\Automação Quarto\ServicoLucasTV\.config-servico-lucas-tv\servico.properties (O sistema não pode encontrar o caminho especificado)
	at java.io.FileInputStream.open0(Native Method)
	at java.io.FileInputStream.open(FileInputStream.java:195)
	at java.io.FileInputStream.<init>(FileInputStream.java:138)
	at java.io.FileInputStream.<init>(FileInputStream.java:93)
	at br.com.lucasnbertoldi.service.configuration.ConfigurationService.getConfiguration(ConfigurationService.java:102)
	... 1 more
2019-02-14 23:29:12 INFO  ServicoLucasTV:67 - Inicializando serial.
2019-02-14 23:29:12 INFO  ServicoLucasTV:67 - Preparando para novas tentativas de configuração da porta serial.
2019-02-14 23:29:18 INFO  ServicoLucasTV:67 - Preparando para novas tentativas de configuração da porta serial.
2019-02-14 23:29:23 INFO  ServicoLucasTV:67 - Preparando para novas tentativas de configuração da porta serial.
2019-02-14 23:29:29 INFO  ServicoLucasTV:67 - Preparando para novas tentativas de configuração da porta serial.
2019-02-14 23:29:34 INFO  ServicoLucasTV:67 - Preparando para novas tentativas de configuração da porta serial.
2019-02-14 23:29:40 INFO  ServicoLucasTV:67 - Preparando para novas tentativas de configuração da porta serial.
2019-02-14 23:29:45 INFO  ServicoLucasTV:67 - Preparando para novas tentativas de configuração da porta serial.
2019-02-14 23:29:51 INFO  ServicoLucasTV:67 - Preparando para novas tentativas de configuração da porta serial.
2019-02-14 23:29:56 INFO  ServicoLucasTV:67 - Preparando para novas tentativas de configuração da porta serial.
2019-02-14 23:29:59 INFO  ServicoLucasTV:67 - Sistema Fechado.
2019-02-14 23:32:27 INFO  ServicoLucasTV:24 - Sistema operacional: Windows 10
2019-02-14 23:32:27 INFO  ServicoLucasTV:67 - Iniciando Sistema
2019-02-14 23:32:28 INFO  ServicoLucasTV:67 - Caminho Pasta de Config: D:\Material Didático\Automação Quarto\ServicoLucasTV
2019-02-14 23:32:28 ERROR ServicoLucasTV:57 - Erro ao carregar configurações.
java.lang.RuntimeException: Erro ao carregar o arquivo de configurações.
	at br.com.lucasnbertoldi.service.configuration.ConfigurationService.getConfiguration(ConfigurationService.java:123)
	at br.com.lucasnbertoldi.ServicoLucasTV.main(ServicoLucasTV.java:38)
Caused by: java.io.FileNotFoundException: D:\Material Didático\Automação Quarto\ServicoLucasTV\.config-servico-lucas-tv\servico.properties (O sistema não pode encontrar o caminho especificado)
	at java.io.FileInputStream.open0(Native Method)
	at java.io.FileInputStream.open(FileInputStream.java:195)
	at java.io.FileInputStream.<init>(FileInputStream.java:138)
	at java.io.FileInputStream.<init>(FileInputStream.java:93)
	at br.com.lucasnbertoldi.service.configuration.ConfigurationService.getConfiguration(ConfigurationService.java:102)
	... 1 more
2019-02-14 23:32:28 INFO  ServicoLucasTV:67 - Inicializando serial.
2019-02-14 23:32:28 INFO  ServicoLucasTV:67 - Preparando para novas tentativas de configuração da porta serial.
2019-02-14 23:32:33 INFO  ServicoLucasTV:67 - Preparando para novas tentativas de configuração da porta serial.
2019-02-14 23:32:39 INFO  ServicoLucasTV:67 - Preparando para novas tentativas de configuração da porta serial.
2019-02-14 23:32:44 INFO  ServicoLucasTV:67 - Preparando para novas tentativas de configuração da porta serial.
2019-02-14 23:32:50 INFO  ServicoLucasTV:67 - Preparando para novas tentativas de configuração da porta serial.
2019-02-14 23:32:55 INFO  ServicoLucasTV:67 - Preparando para novas tentativas de configuração da porta serial.
2019-02-14 23:33:01 INFO  ServicoLucasTV:67 - Preparando para novas tentativas de configuração da porta serial.
2019-02-14 23:33:06 INFO  ServicoLucasTV:67 - Preparando para novas tentativas de configuração da porta serial.
2019-02-14 23:33:12 INFO  ServicoLucasTV:67 - Preparando para novas tentativas de configuração da porta serial.
2019-02-14 23:33:17 INFO  ServicoLucasTV:67 - Preparando para novas tentativas de configuração da porta serial.
2019-02-14 23:33:23 INFO  ServicoLucasTV:67 - Preparando para novas tentativas de configuração da porta serial.
2019-02-14 23:33:28 INFO  ServicoLucasTV:67 - Preparando para novas tentativas de configuração da porta serial.
2019-02-14 23:33:34 INFO  ServicoLucasTV:67 - Preparando para novas tentativas de configuração da porta serial.
2019-02-14 23:33:40 INFO  ServicoLucasTV:67 - Preparando para novas tentativas de configuração da porta serial.
2019-02-14 23:33:45 INFO  ServicoLucasTV:67 - Preparando para novas tentativas de configuração da porta serial.
2019-02-14 23:33:51 INFO  ServicoLucasTV:67 - Preparando para novas tentativas de configuração da porta serial.
2019-02-14 23:33:56 INFO  ServicoLucasTV:67 - Preparando para novas tentativas de configuração da porta serial.
2019-02-14 23:33:59 INFO  ServicoLucasTV:67 - Sistema Fechado.
2019-02-14 23:34:05 INFO  ServicoLucasTV:24 - Sistema operacional: Windows 10
2019-02-14 23:34:05 INFO  ServicoLucasTV:67 - Iniciando Sistema
2019-02-14 23:34:06 INFO  ServicoLucasTV:67 - Caminho Pasta de Config: D:\Material Didático\Automação Quarto\ServicoLucasTV
2019-02-14 23:34:06 ERROR ServicoLucasTV:57 - Erro ao carregar configurações.
java.lang.RuntimeException: Erro ao carregar o arquivo de configurações.
	at br.com.lucasnbertoldi.service.configuration.ConfigurationService.getConfiguration(ConfigurationService.java:123)
	at br.com.lucasnbertoldi.ServicoLucasTV.main(ServicoLucasTV.java:38)
Caused by: java.io.FileNotFoundException: D:\Material Didático\Automação Quarto\ServicoLucasTV\.config-servico-lucas-tv\servico.properties (O sistema não pode encontrar o caminho especificado)
	at java.io.FileInputStream.open0(Native Method)
	at java.io.FileInputStream.open(FileInputStream.java:195)
	at java.io.FileInputStream.<init>(FileInputStream.java:138)
	at java.io.FileInputStream.<init>(FileInputStream.java:93)
	at br.com.lucasnbertoldi.service.configuration.ConfigurationService.getConfiguration(ConfigurationService.java:102)
	... 1 more
2019-02-14 23:34:06 INFO  ServicoLucasTV:67 - Inicializando serial.
2019-02-14 23:34:06 INFO  ServicoLucasTV:67 - Preparando para novas tentativas de configuração da porta serial.
2019-02-14 23:34:11 INFO  ServicoLucasTV:67 - Preparando para novas tentativas de configuração da porta serial.
2019-02-14 23:34:17 INFO  ServicoLucasTV:67 - Preparando para novas tentativas de configuração da porta serial.
2019-02-14 23:34:22 INFO  ServicoLucasTV:67 - Preparando para novas tentativas de configuração da porta serial.
2019-02-14 23:34:28 INFO  ServicoLucasTV:67 - Preparando para novas tentativas de configuração da porta serial.
2019-02-14 23:34:34 INFO  ServicoLucasTV:67 - Preparando para novas tentativas de configuração da porta serial.
2019-02-14 23:34:39 INFO  ServicoLucasTV:67 - Preparando para novas tentativas de configuração da porta serial.
2019-02-14 23:34:45 INFO  ServicoLucasTV:67 - Preparando para novas tentativas de configuração da porta serial.
2019-02-14 23:34:50 INFO  ServicoLucasTV:67 - Preparando para novas tentativas de configuração da porta serial.
2019-02-14 23:34:56 INFO  ServicoLucasTV:67 - Preparando para novas tentativas de configuração da porta serial.
2019-02-14 23:35:01 INFO  ServicoLucasTV:67 - Preparando para novas tentativas de configuração da porta serial.
2019-02-14 23:35:07 INFO  ServicoLucasTV:67 - Preparando para novas tentativas de configuração da porta serial.
2019-02-14 23:35:12 INFO  ServicoLucasTV:67 - Preparando para novas tentativas de configuração da porta serial.
2019-02-14 23:35:18 INFO  ServicoLucasTV:67 - Preparando para novas tentativas de configuração da porta serial.
2019-02-14 23:35:23 INFO  ServicoLucasTV:67 - Preparando para novas tentativas de configuração da porta serial.
2019-02-14 23:35:29 INFO  ServicoLucasTV:67 - Preparando para novas tentativas de configuração da porta serial.
2019-02-14 23:35:34 INFO  ServicoLucasTV:67 - Preparando para novas tentativas de configuração da porta serial.
2019-02-14 23:35:40 INFO  ServicoLucasTV:67 - Preparando para novas tentativas de configuração da porta serial.
2019-02-14 23:35:45 INFO  ServicoLucasTV:67 - Preparando para novas tentativas de configuração da porta serial.
2019-02-14 23:35:51 INFO  ServicoLucasTV:67 - Preparando para novas tentativas de configuração da porta serial.
2019-02-14 23:35:56 INFO  ServicoLucasTV:67 - Preparando para novas tentativas de configuração da porta serial.
2019-02-14 23:36:02 INFO  ServicoLucasTV:67 - Preparando para novas tentativas de configuração da porta serial.
2019-02-14 23:36:07 INFO  ServicoLucasTV:67 - Preparando para novas tentativas de configuração da porta serial.
2019-02-14 23:36:13 INFO  ServicoLucasTV:67 - Preparando para novas tentativas de configuração da porta serial.
2019-02-14 23:36:18 INFO  ServicoLucasTV:67 - Preparando para novas tentativas de configuração da porta serial.
2019-02-14 23:36:24 INFO  ServicoLucasTV:67 - Preparando para novas tentativas de configuração da porta serial.
2019-02-14 23:36:30 INFO  ServicoLucasTV:67 - Preparando para novas tentativas de configuração da porta serial.
2019-02-14 23:36:35 INFO  ServicoLucasTV:67 - Preparando para novas tentativas de configuração da porta serial.
2019-02-14 23:36:41 INFO  ServicoLucasTV:67 - Preparando para novas tentativas de configuração da porta serial.
2019-02-14 23:36:46 INFO  ServicoLucasTV:67 - Preparando para novas tentativas de configuração da porta serial.
2019-02-14 23:36:52 INFO  ServicoLucasTV:67 - Preparando para novas tentativas de configuração da porta serial.
2019-02-14 23:36:57 INFO  ServicoLucasTV:67 - Sistema Fechado.
2019-02-14 23:37:15 INFO  ServicoLucasTV:24 - Sistema operacional: Windows 10
2019-02-14 23:37:15 INFO  ServicoLucasTV:67 - Iniciando Sistema
2019-02-14 23:37:16 INFO  ServicoLucasTV:67 - Caminho Pasta de Config: D:\Material Didático\Automação Quarto\ServicoLucasTV
2019-02-14 23:37:16 ERROR ServicoLucasTV:57 - Erro ao carregar configurações.
java.lang.RuntimeException: Erro ao carregar o arquivo de configurações.
	at br.com.lucasnbertoldi.service.configuration.ConfigurationService.getConfiguration(ConfigurationService.java:123)
	at br.com.lucasnbertoldi.ServicoLucasTV.main(ServicoLucasTV.java:38)
Caused by: java.io.FileNotFoundException: D:\Material Didático\Automação Quarto\ServicoLucasTV\config-servico-lucas-tv\servico.properties (O sistema não pode encontrar o arquivo especificado)
	at java.io.FileInputStream.open0(Native Method)
	at java.io.FileInputStream.open(FileInputStream.java:195)
	at java.io.FileInputStream.<init>(FileInputStream.java:138)
	at java.io.FileInputStream.<init>(FileInputStream.java:93)
	at br.com.lucasnbertoldi.service.configuration.ConfigurationService.getConfiguration(ConfigurationService.java:102)
	... 1 more
2019-02-14 23:37:16 INFO  ServicoLucasTV:67 - Inicializando serial.
2019-02-14 23:37:16 INFO  ServicoLucasTV:67 - Preparando para novas tentativas de configuração da porta serial.
2019-02-14 23:37:21 INFO  ServicoLucasTV:67 - Preparando para novas tentativas de configuração da porta serial.
2019-02-14 23:37:27 INFO  ServicoLucasTV:67 - Preparando para novas tentativas de configuração da porta serial.
2019-02-14 23:37:32 INFO  ServicoLucasTV:67 - Preparando para novas tentativas de configuração da porta serial.
2019-02-14 23:37:38 INFO  ServicoLucasTV:67 - Preparando para novas tentativas de configuração da porta serial.
2019-02-14 23:37:40 INFO  ServicoLucasTV:67 - Sistema Fechado.
2019-02-14 23:37:46 INFO  ServicoLucasTV:24 - Sistema operacional: Windows 10
2019-02-14 23:37:46 INFO  ServicoLucasTV:67 - Iniciando Sistema
2019-02-14 23:37:47 INFO  ServicoLucasTV:67 - Caminho Pasta de Config: D:\Material Didático\Automação Quarto\ServicoLucasTV
2019-02-14 23:37:47 INFO  ServicoLucasTV:67 - Carregando Configurações.
2019-02-14 23:37:47 INFO  ServicoLucasTV:67 - Inicializando serial.
2019-02-14 23:37:47 INFO  ServicoLucasTV:67 - Preparando para novas tentativas de configuração da porta serial.
2019-02-14 23:37:53 INFO  ServicoLucasTV:67 - Preparando para novas tentativas de configuração da porta serial.
2019-02-14 23:37:58 INFO  ServicoLucasTV:67 - Preparando para novas tentativas de configuração da porta serial.
2019-02-14 23:38:04 INFO  ServicoLucasTV:67 - Preparando para novas tentativas de configuração da porta serial.
2019-02-14 23:38:09 INFO  ServicoLucasTV:67 - Preparando para novas tentativas de configuração da porta serial.
2019-02-14 23:38:13 INFO  ServicoLucasTV:67 - Sistema Fechado.
